<?xml version="1.0" encoding="UTF-8"?>
<!-- Generated by org.testng.reporters.JUnitReportReporter -->
<testsuite hostname="DESKTOP-N6A5O2E" failures="0" tests="3" name="ECommerce.pageFactory.Basics" time="67.134" errors="0" timestamp="2024-01-13T07:11:46 CET" skipped="0">
  <testcase classname="ECommerce.pageFactory.Basics" name="CheckErrorToastMessage" time="8.014"/>
  <testcase classname="ECommerce.pageFactory.Basics" name="FillForm" time="33.587"/>
  <testcase classname="ECommerce.pageFactory.Basics" name="FillForm" time="25.533"/>
</testsuite> <!-- ECommerce.pageFactory.Basics -->
